<?xml version="1.0" encoding="UTF-8"?>
<testng-results ignored="0" total="1" passed="1" failed="0" skipped="0">
  <reporter-output>
  </reporter-output>
  <suite started-at="2023-01-17T19:42:46 EST" name="Default suite" finished-at="2023-01-17T19:42:48 EST" duration-ms="2423">
    <groups>
    </groups>
    <test started-at="2023-01-17T19:42:46 EST" name="Default test" finished-at="2023-01-17T19:42:48 EST" duration-ms="2423">
      <class name="POM_Test.Sign_In_PageFactory_Test">
        <test-method is-config="true" signature="setup()[pri:0, instance:POM_Test.Sign_In_PageFactory_Test@769f71a9]" started-at="2023-01-17T19:42:46 EST" name="setup" finished-at="2023-01-17T19:42:47 EST" duration-ms="1487" status="PASS">
          <reporter-output>
          </reporter-output>
        </test-method> <!-- setup -->
        <test-method signature="CreateAccount()[pri:1, instance:POM_Test.Sign_In_PageFactory_Test@769f71a9]" started-at="2023-01-17T19:42:47 EST" name="CreateAccount" finished-at="2023-01-17T19:42:48 EST" duration-ms="918" status="PASS">
          <reporter-output>
          </reporter-output>
        </test-method> <!-- CreateAccount -->
      </class> <!-- POM_Test.Sign_In_PageFactory_Test -->
    </test> <!-- Default test -->
  </suite> <!-- Default suite -->
</testng-results>
