<?xml version="1.0" encoding="UTF-8"?>
<!-- Generated by org.testng.reporters.JUnitXMLReporter -->
<testsuite ignored="1" hostname="DESKTOP-IBFU12I" failures="0" tests="4" name="Test" time="13.993" errors="0" timestamp="2022-08-29T19:59:33 EDT">
  <testcase classname="Basic_Automation.Looping_TestNG" name="Adult_Selection" time="0.362"/>
  <testcase classname="Basic_Automation.Looping_TestNG" name="Child_Selection" time="3.166"/>
  <testcase classname="Basic_Automation.Looping_TestNG" name="Asserting_Adult_Child" time="0.03"/>
  <testcase classname="Basic_Automation.Nested_Frame_Handling" name="Logging_in" time="0.238"/>
  <testcase classname="Basic_Automation.Looping_TestNG" name="Invocation_threadpool" time="0.0">
    <ignored/>
  </testcase> <!-- Invocation_threadpool -->
</testsuite> <!-- Test -->
