<?xml version="1.0" encoding="UTF-8"?>
<testng-results ignored="1" total="5" passed="4" failed="0" skipped="0">
  <reporter-output>
  </reporter-output>
  <suite started-at="2022-08-29T19:59:19 EDT" name="Suite" finished-at="2022-08-29T19:59:33 EDT" duration-ms="13993">
    <groups>
    </groups>
    <test started-at="2022-08-29T19:59:19 EDT" name="Test" finished-at="2022-08-29T19:59:33 EDT" duration-ms="13993">
      <class name="Basic_Automation.Nested_Frame_Handling">
        <test-method is-config="true" signature="Setup()[pri:0, instance:Basic_Automation.Nested_Frame_Handling@63021689]" started-at="2022-08-29T19:59:25 EDT" name="Setup" finished-at="2022-08-29T19:59:26 EDT" duration-ms="892" status="PASS">
          <reporter-output>
          </reporter-output>
        </test-method> <!-- Setup -->
        <test-method signature="Logging_in()[pri:0, instance:Basic_Automation.Nested_Frame_Handling@63021689]" started-at="2022-08-29T19:59:30 EDT" name="Logging_in" finished-at="2022-08-29T19:59:30 EDT" duration-ms="238" status="PASS">
          <reporter-output>
          </reporter-output>
        </test-method> <!-- Logging_in -->
      </class> <!-- Basic_Automation.Nested_Frame_Handling -->
      <class name="Basic_Automation.Looping_TestNG">
        <test-method is-config="true" signature="Setup()[pri:0, instance:Basic_Automation.Looping_TestNG@4b5d6a01]" started-at="2022-08-29T19:59:19 EDT" name="Setup" finished-at="2022-08-29T19:59:25 EDT" duration-ms="6906" status="PASS">
          <reporter-output>
          </reporter-output>
        </test-method> <!-- Setup -->
        <test-method signature="Adult_Selection()[pri:0, instance:Basic_Automation.Looping_TestNG@4b5d6a01]" started-at="2022-08-29T19:59:26 EDT" name="Adult_Selection" finished-at="2022-08-29T19:59:27 EDT" duration-ms="362" status="PASS">
          <reporter-output>
          </reporter-output>
        </test-method> <!-- Adult_Selection -->
        <test-method signature="Child_Selection()[pri:1, instance:Basic_Automation.Looping_TestNG@4b5d6a01]" started-at="2022-08-29T19:59:27 EDT" name="Child_Selection" finished-at="2022-08-29T19:59:30 EDT" duration-ms="3166" status="PASS">
          <reporter-output>
          </reporter-output>
        </test-method> <!-- Child_Selection -->
        <test-method signature="Asserting_Adult_Child()[pri:2, instance:Basic_Automation.Looping_TestNG@4b5d6a01]" started-at="2022-08-29T19:59:30 EDT" name="Asserting_Adult_Child" finished-at="2022-08-29T19:59:30 EDT" depends-on-methods="Basic_Automation.Looping_TestNG.Child_Selection" duration-ms="30" status="PASS">
          <reporter-output>
          </reporter-output>
        </test-method> <!-- Asserting_Adult_Child -->
        <test-method is-config="true" signature="After_Method()[pri:0, instance:Basic_Automation.Looping_TestNG@4b5d6a01]" started-at="2022-08-29T19:59:30 EDT" name="After_Method" finished-at="2022-08-29T19:59:33 EDT" duration-ms="2336" status="PASS">
          <reporter-output>
          </reporter-output>
        </test-method> <!-- After_Method -->
      </class> <!-- Basic_Automation.Looping_TestNG -->
    </test> <!-- Test -->
  </suite> <!-- Suite -->
</testng-results>
