<?xml version="1.0" encoding="UTF-8"?>
<!-- Generated by org.testng.reporters.JUnitXMLReporter -->
<testsuite ignored="1" hostname="DESKTOP-IBFU12I" failures="0" tests="4" name="Functional Testing" time="2.617" errors="0" timestamp="2022-01-07T23:08:02 EST">
  <testcase classname="TestNGPractice.Day1" name="openbrowser" time="1.132"/>
  <testcase classname="TestNGPractice.Day1" name="signin" time="1.367"/>
  <testcase classname="TestNGPractice.Day1" name="email" time="0.056"/>
  <testcase classname="TestNGPractice.Day1" name="createAccount" time="0.044"/>
  <testcase classname="TestNGPractice.VerifytitleAndTextTest" name="titleTest" time="0.0">
    <ignored/>
  </testcase> <!-- titleTest -->
</testsuite> <!-- Functional Testing -->
