<?xml version="1.0" encoding="UTF-8"?>
<!-- Generated by org.testng.reporters.JUnitXMLReporter -->
<testsuite ignored="1" hostname="DESKTOP-IBFU12I" failures="0" tests="3" name="Default test" time="7.819" errors="0" timestamp="2023-01-02T00:07:24 EST">
  <testcase classname="Automation_Practice.Practice_CSS" name="Adult_Selection" time="0.293"/>
  <testcase classname="Automation_Practice.Practice_CSS" name="Child_Selection" time="0.086"/>
  <testcase classname="Automation_Practice.Practice_CSS" name="Adult_Child_Assertion" time="0.021"/>
  <testcase classname="Automation_Practice.Practice_CSS" name="Invocation_threadpool" time="0.0">
    <ignored/>
  </testcase> <!-- Invocation_threadpool -->
</testsuite> <!-- Default test -->
