<?xml version="1.0" encoding="UTF-8"?>
<testng-results ignored="1" total="4" passed="3" failed="0" skipped="0">
  <reporter-output>
  </reporter-output>
  <suite started-at="2023-01-02T00:07:17 EST" name="Default suite" finished-at="2023-01-02T00:07:24 EST" duration-ms="7819">
    <groups>
    </groups>
    <test started-at="2023-01-02T00:07:17 EST" name="Default test" finished-at="2023-01-02T00:07:24 EST" duration-ms="7819">
      <class name="Automation_Practice.Practice_CSS">
        <test-method is-config="true" signature="Setup()[pri:0, instance:Automation_Practice.Practice_CSS@48e4374]" started-at="2023-01-02T00:07:17 EST" name="Setup" finished-at="2023-01-02T00:07:23 EST" duration-ms="6413" status="PASS">
          <reporter-output>
          </reporter-output>
        </test-method> <!-- Setup -->
        <test-method signature="Adult_Selection()[pri:0, instance:Automation_Practice.Practice_CSS@48e4374]" started-at="2023-01-02T00:07:23 EST" name="Adult_Selection" finished-at="2023-01-02T00:07:23 EST" duration-ms="293" status="PASS">
          <reporter-output>
          </reporter-output>
        </test-method> <!-- Adult_Selection -->
        <test-method signature="Child_Selection()[pri:1, instance:Automation_Practice.Practice_CSS@48e4374]" started-at="2023-01-02T00:07:23 EST" name="Child_Selection" finished-at="2023-01-02T00:07:23 EST" depends-on-methods="Automation_Practice.Practice_CSS.Adult_Selection" duration-ms="86" status="PASS">
          <reporter-output>
          </reporter-output>
        </test-method> <!-- Child_Selection -->
        <test-method signature="Adult_Child_Assertion()[pri:2, instance:Automation_Practice.Practice_CSS@48e4374]" started-at="2023-01-02T00:07:23 EST" name="Adult_Child_Assertion" finished-at="2023-01-02T00:07:23 EST" duration-ms="21" status="PASS">
          <reporter-output>
          </reporter-output>
        </test-method> <!-- Adult_Child_Assertion -->
        <test-method is-config="true" signature="after_method()[pri:0, instance:Automation_Practice.Practice_CSS@48e4374]" started-at="2023-01-02T00:07:23 EST" name="after_method" finished-at="2023-01-02T00:07:24 EST" duration-ms="985" status="PASS">
          <reporter-output>
          </reporter-output>
        </test-method> <!-- after_method -->
      </class> <!-- Automation_Practice.Practice_CSS -->
    </test> <!-- Default test -->
  </suite> <!-- Default suite -->
</testng-results>
